c:\users\tomto\documents\visual studio 2017\projects\stockproject\stockproject\x64\release\vc141.pdb
c:\users\tomto\documents\visual studio 2017\projects\stockproject\stockproject\x64\release\year.obj
c:\users\tomto\documents\visual studio 2017\projects\stockproject\stockproject\x64\release\time.obj
c:\users\tomto\documents\visual studio 2017\projects\stockproject\stockproject\x64\release\stocksampler.obj
c:\users\tomto\documents\visual studio 2017\projects\stockproject\stockproject\x64\release\stockloader.obj
c:\users\tomto\documents\visual studio 2017\projects\stockproject\stockproject\x64\release\skynet.obj
c:\users\tomto\documents\visual studio 2017\projects\stockproject\stockproject\x64\release\node.obj
c:\users\tomto\documents\visual studio 2017\projects\stockproject\stockproject\x64\release\network.obj
c:\users\tomto\documents\visual studio 2017\projects\stockproject\stockproject\x64\release\month.obj
c:\users\tomto\documents\visual studio 2017\projects\stockproject\stockproject\x64\release\misc.obj
c:\users\tomto\documents\visual studio 2017\projects\stockproject\stockproject\x64\release\main.obj
c:\users\tomto\documents\visual studio 2017\projects\stockproject\stockproject\x64\release\day.obj
c:\users\tomto\documents\visual studio 2017\projects\stockproject\stockproject\x64\release\date_time.obj
c:\users\tomto\documents\visual studio 2017\projects\stockproject\stockproject\x64\release\date.obj
c:\users\tomto\documents\visual studio 2017\projects\stockproject\x64\release\stockproject.ipdb
c:\users\tomto\documents\visual studio 2017\projects\stockproject\x64\release\stockproject.iobj
c:\users\tomto\documents\visual studio 2017\projects\stockproject\x64\release\stockproject.pdb
c:\users\tomto\documents\visual studio 2017\projects\stockproject\x64\release\stockproject.exe
c:\users\tomto\documents\visual studio 2017\projects\stockproject\stockproject\x64\release\stockproject.tlog\cl.command.1.tlog
c:\users\tomto\documents\visual studio 2017\projects\stockproject\stockproject\x64\release\stockproject.tlog\cl.read.1.tlog
c:\users\tomto\documents\visual studio 2017\projects\stockproject\stockproject\x64\release\stockproject.tlog\cl.write.1.tlog
c:\users\tomto\documents\visual studio 2017\projects\stockproject\stockproject\x64\release\stockproject.tlog\link.command.1.tlog
c:\users\tomto\documents\visual studio 2017\projects\stockproject\stockproject\x64\release\stockproject.tlog\link.read.1.tlog
c:\users\tomto\documents\visual studio 2017\projects\stockproject\stockproject\x64\release\stockproject.tlog\link.write.1.tlog
c:\users\tomto\documents\visual studio 2017\projects\stockproject\stockproject\x64\release\stockproject.tlog\stockproject.write.1u.tlog
